TN:verilator_coverage
SF:third_party/Example-NutShellCache/Cache/Cache.v
DA:2,7
DA:3,8
DA:4,2
DA:5,3
DA:6,2
DA:7,2
DA:8,4
DA:9,2
DA:10,1
DA:11,8
DA:12,2
DA:13,3
DA:14,2
DA:15,2
DA:16,4
DA:17,2
DA:18,5
DA:19,8
DA:20,0
DA:21,1
DA:22,1
DA:23,0
DA:24,2
DA:25,3
DA:26,2
DA:27,1
DA:28,0
DA:29,2
DA:30,1
DA:31,1
DA:32,2
DA:33,6
DA:34,8
DA:35,0
DA:36,1
DA:37,2
DA:38,1
DA:39,2
DA:56,501
DA:57,2
DA:58,1
DA:59,7
DA:60,1
DA:61,2
DA:62,2
DA:63,3
DA:64,2
DA:65,0
DA:66,7
DA:67,7
DA:68,1
DA:69,2
DA:70,2
DA:71,3
DA:72,2
DA:73,0
DA:74,0
DA:75,2
DA:76,0
DA:77,0
DA:78,1
DA:79,0
DA:80,3
DA:81,4
DA:82,1
DA:83,2
DA:84,1
DA:85,2
DA:86,4
DA:87,2
DA:88,1
DA:89,0
DA:90,0
DA:91,0
DA:92,38
DA:93,1
DA:94,1
DA:95,0
DA:96,2
DA:97,3
DA:98,2
DA:99,1
DA:100,0
DA:101,2
DA:102,1
DA:103,1
DA:104,2
DA:105,1
DA:106,2
DA:107,1
DA:108,2
DA:109,6
DA:110,1
DA:111,2
DA:112,2
DA:113,1
DA:114,6
DA:115,1
DA:116,2
DA:117,1
DA:129,0
DA:130,3
DA:131,3
DA:132,2
DA:133,2
DA:138,0
DA:139,0
DA:140,2
DA:144,0
DA:145,2
DA:146,2
DA:147,0
DA:148,0
DA:149,0
DA:150,3
DA:151,0
DA:152,1
DA:153,1
DA:154,2
DA:155,3
DA:156,1
DA:161,2
DA:162,72
DA:163,73
DA:166,38
DA:172,1
DA:173,0
DA:176,3
DA:178,2
DA:190,2
DA:191,2
DA:193,0
DA:194,2
DA:223,250
DA:224,101
DA:225,101
DA:226,0
DA:227,149
DA:228,0
DA:229,0
DA:231,250
DA:232,0
DA:234,250
DA:235,0
DA:237,250
DA:238,0
DA:240,101
DA:241,101
DA:242,149
DA:243,0
DA:244,149
DA:245,149
DA:247,101
DA:248,101
DA:249,0
DA:250,149
DA:251,0
DA:252,0
DA:254,250
DA:255,0
DA:257,250
DA:258,0
DA:264,0
DA:265,0
DA:276,250
DA:307,2
DA:345,4
DA:346,1
DA:347,3
DA:348,1
DA:349,2
DA:350,1
DA:351,2
DA:352,2
DA:353,1
DA:354,6
DA:355,1
DA:356,2
DA:357,2
DA:358,1
DA:360,2
DA:368,2
DA:369,1
DA:370,1
DA:371,1
DA:372,4
DA:373,1
DA:374,0
DA:375,1
DA:376,6
DA:377,1
DA:378,2
DA:379,1
DA:381,4
DA:388,501
DA:389,2
DA:390,7
DA:391,8
DA:392,3
DA:393,1
DA:394,0
DA:395,0
DA:396,1
DA:397,0
DA:398,1
DA:399,0
DA:400,1
DA:401,2
DA:402,2
DA:403,3
DA:404,1
DA:405,1
DA:406,1
DA:407,0
DA:408,0
DA:409,0
DA:410,1
DA:411,1
DA:412,0
DA:413,1
DA:414,0
DA:415,2
DA:416,3
DA:417,5
DA:418,0
DA:419,1
DA:420,0
DA:421,5
DA:422,2
DA:423,10
DA:424,0
DA:425,1
DA:426,3
DA:427,1
DA:428,0
DA:429,0
DA:430,6
DA:431,1
DA:432,2
DA:433,1
DA:434,6
DA:435,1
DA:436,2
DA:437,2
DA:438,1
DA:439,5
DA:440,3
DA:441,1
DA:442,0
DA:443,2
DA:444,2
DA:445,4
DA:446,1
DA:447,0
DA:448,1
DA:449,0
DA:450,3
DA:451,1
DA:452,0
DA:453,0
DA:454,1
DA:455,2
DA:456,2
DA:457,2
DA:458,2
DA:459,2
DA:460,0
DA:461,2
DA:462,0
DA:481,4
DA:482,1
DA:483,3
DA:484,1
DA:485,2
DA:486,1
DA:487,2
DA:488,2
DA:489,1
DA:490,6
DA:491,1
DA:492,2
DA:493,2
DA:494,1
DA:495,2
DA:496,1
DA:497,1
DA:498,1
DA:499,4
DA:500,1
DA:501,0
DA:502,1
DA:503,6
DA:504,1
DA:505,2
DA:506,1
DA:507,0
DA:508,1
DA:509,0
DA:510,3
DA:511,5
DA:513,0
DA:515,0
DA:516,2
DA:524,3
DA:526,0
DA:534,0
DA:545,2
DA:546,2
DA:553,2
DA:558,4
DA:559,0
DA:560,2
DA:562,4
DA:563,0
DA:564,0
DA:569,2
DA:570,1
DA:571,1
DA:572,1
DA:584,3
DA:585,1
DA:588,0
DA:590,2
DA:591,3
DA:595,4
DA:597,3
DA:601,0
DA:602,0
DA:604,0
DA:607,0
DA:609,3
DA:610,2
DA:612,0
DA:664,4
DA:665,2
DA:754,250
DA:755,101
DA:756,101
DA:757,139
DA:758,139
DA:759,0
DA:760,0
DA:761,10
DA:762,0
DA:763,10
DA:764,10
DA:766,101
DA:767,101
DA:768,139
DA:769,0
DA:770,0
DA:771,0
DA:773,139
DA:774,0
DA:775,139
DA:776,139
DA:778,0
DA:779,0
DA:780,0
DA:782,10
DA:783,0
DA:784,10
DA:785,10
DA:787,101
DA:788,101
DA:789,149
DA:790,0
DA:791,149
DA:792,149
DA:794,101
DA:795,101
DA:796,139
DA:797,0
DA:798,0
DA:799,0
DA:801,139
DA:802,0
DA:804,0
DA:805,0
DA:806,10
DA:809,101
DA:810,101
DA:811,10
DA:812,0
DA:813,10
DA:814,10
DA:818,101
DA:819,101
DA:820,149
DA:821,149
DA:822,0
DA:824,0
DA:825,0
DA:826,0
DA:827,0
DA:829,1
DA:830,1
DA:832,1
DA:833,1
DA:835,1
DA:836,1
DA:838,1
DA:839,1
DA:841,101
DA:842,101
DA:843,139
DA:844,139
DA:845,0
DA:846,0
DA:847,10
DA:850,101
DA:851,101
DA:852,10
DA:853,139
DA:854,10
DA:855,10
DA:857,1
DA:858,1
DA:859,0
DA:860,1
DA:861,1
DA:864,101
DA:865,101
DA:866,149
DA:867,0
DA:869,101
DA:870,101
DA:871,149
DA:872,0
DA:878,0
DA:879,0
DA:891,250
DA:902,0
DA:903,0
DA:915,250
DA:926,0
DA:927,0
DA:939,250
DA:950,0
DA:951,0
DA:963,250
DA:994,2
DA:1046,501
DA:1047,2
DA:1048,5
DA:1049,8
DA:1050,0
DA:1051,0
DA:1052,1
DA:1053,2
DA:1054,2
DA:1055,3
DA:1056,2
DA:1057,1
DA:1058,2
DA:1059,0
DA:1060,1
DA:1061,3
DA:1062,4
DA:1063,6
DA:1064,1
DA:1065,2
DA:1066,2
DA:1067,1
DA:1088,6
DA:1089,0
DA:1090,1
DA:1091,1
DA:1092,2
DA:1093,1
DA:1094,5
DA:1095,6
DA:1096,0
DA:1098,8
DA:1099,2
DA:1100,1
DA:1101,1
DA:1102,2
DA:1103,3
DA:1104,5
DA:1105,8
DA:1106,2
DA:1108,8
DA:1109,2
DA:1110,0
DA:1111,1
DA:1112,2
DA:1113,3
DA:1114,5
DA:1115,8
DA:1116,2
DA:1118,7
DA:1119,1
DA:1120,1
DA:1121,1
DA:1122,2
DA:1123,2
DA:1124,5
DA:1125,7
DA:1126,1
DA:1127,1
DA:1128,4
DA:1129,4
DA:1131,4
DA:1133,5
DA:1136,1
DA:1182,250
DA:1183,21
DA:1184,229
DA:1186,250
DA:1187,4
DA:1188,4
DA:1190,21
DA:1191,229
DA:1193,250
DA:1194,4
DA:1195,4
DA:1197,21
DA:1198,229
DA:1200,250
DA:1201,4
DA:1202,4
DA:1204,19
DA:1205,231
DA:1207,250
DA:1208,4
DA:1209,4
DA:1211,250
DA:1212,101
DA:1213,101
DA:1214,21
DA:1215,128
DA:1241,2
DA:1297,5
DA:1298,8
DA:1299,0
DA:1300,5
DA:1301,8
DA:1302,0
DA:1309,501
DA:1310,2
DA:1311,5
DA:1312,8
DA:1313,0
DA:1314,1
DA:1315,1
DA:1316,0
DA:1317,2
DA:1318,3
DA:1319,2
DA:1320,1
DA:1321,0
DA:1322,2
DA:1323,1
DA:1324,1
DA:1325,2
DA:1326,6
DA:1327,1
DA:1328,2
DA:1329,2
DA:1330,1
DA:1347,501
DA:1348,2
DA:1349,5
DA:1350,8
DA:1351,0
DA:1352,0
DA:1353,1
DA:1354,2
DA:1355,2
DA:1356,3
DA:1357,2
DA:1358,1
DA:1359,2
DA:1360,0
DA:1361,1
DA:1362,3
DA:1363,4
DA:1364,6
DA:1365,1
DA:1366,2
DA:1367,2
DA:1368,1
DA:1369,5
DA:1370,8
DA:1371,0
DA:1372,5
DA:1373,8
DA:1374,0
DA:1375,9
DA:1376,1
DA:1377,0
DA:1378,2
DA:1379,1
DA:1380,0
DA:1381,3
DA:1382,1
DA:1383,1
DA:1384,2
DA:1385,1
DA:1386,4
DA:1387,1
DA:1445,250
DA:1446,250
DA:1447,101
DA:1448,101
DA:1449,4
DA:1450,4
DA:1452,101
DA:1453,101
DA:1454,4
DA:1455,4
DA:1457,101
DA:1458,101
DA:1459,4
DA:1460,4
DA:1462,101
DA:1463,101
DA:1464,4
DA:1465,4
DA:1467,101
DA:1468,101
DA:1469,4
DA:1470,4
DA:1472,101
DA:1473,101
DA:1474,4
DA:1475,4
DA:1477,101
DA:1478,101
DA:1479,4
DA:1480,4
DA:1482,101
DA:1483,101
DA:1484,4
DA:1485,4
DA:1487,101
DA:1488,101
DA:1489,4
DA:1490,4
DA:1492,101
DA:1493,101
DA:1494,4
DA:1495,4
DA:1497,101
DA:1498,101
DA:1499,4
DA:1500,4
DA:1502,101
DA:1503,101
DA:1504,4
DA:1505,4
DA:1531,2
DA:1579,501
DA:1580,6
DA:1581,8
DA:1582,2
DA:1583,1
DA:1584,3
DA:1585,2
DA:1586,1
DA:1587,6
DA:1588,1
DA:1589,2
DA:1590,1
DA:1609,8
DA:1610,0
DA:1611,1
DA:1612,2
DA:1613,1
DA:1614,0
DA:1615,6
DA:1616,8
DA:1617,0
DA:1619,8
DA:1620,0
DA:1621,3
DA:1622,2
DA:1623,1
DA:1624,0
DA:1625,6
DA:1626,8
DA:1627,0
DA:1629,6
DA:1630,0
DA:1631,2
DA:1632,2
DA:1633,1
DA:1634,1
DA:1635,6
DA:1636,6
DA:1637,0
DA:1639,9
DA:1640,0
DA:1641,1
DA:1642,2
DA:1643,1
DA:1644,1
DA:1645,6
DA:1646,9
DA:1647,0
DA:1682,250
DA:1683,250
DA:1684,0
DA:1686,250
DA:1687,4
DA:1688,4
DA:1690,250
DA:1691,0
DA:1693,250
DA:1694,4
DA:1695,4
DA:1697,250
DA:1698,0
DA:1700,250
DA:1701,4
DA:1702,4
DA:1704,9
DA:1705,9
DA:1707,250
DA:1708,4
DA:1709,4
DA:1735,2
DA:1787,6
DA:1788,8
DA:1789,0
DA:1790,10
DA:1791,0
DA:1792,1
DA:1793,6
DA:1794,8
DA:1795,2
DA:1797,8
DA:1804,501
DA:1805,2
DA:1806,6
DA:1807,8
DA:1808,0
DA:1809,1
DA:1810,2
DA:1811,1
DA:1812,2
DA:1813,10
DA:1814,0
DA:1815,1
DA:1816,3
DA:1817,1
DA:1818,0
DA:1819,0
DA:1820,6
DA:1821,1
DA:1822,2
DA:1823,1
DA:1837,501
DA:1838,6
DA:1839,8
DA:1840,2
DA:1841,1
DA:1842,3
DA:1843,2
DA:1844,1
DA:1845,6
DA:1846,1
DA:1847,2
DA:1848,1
DA:1849,6
DA:1850,8
DA:1851,0
DA:1852,10
DA:1853,0
DA:1854,1
DA:1855,6
DA:1856,8
DA:1857,2
DA:1858,9
DA:1859,1
DA:1860,1
DA:1861,1
DA:1862,2
DA:1863,2
DA:1864,2
DA:1865,1
DA:1866,0
DA:1867,1
DA:1915,250
DA:1916,250
DA:1917,101
DA:1918,101
DA:1919,4
DA:1920,4
DA:1922,101
DA:1923,101
DA:1924,4
DA:1925,4
DA:1927,101
DA:1928,101
DA:1929,4
DA:1930,4
DA:1932,101
DA:1933,101
DA:1934,4
DA:1935,4
DA:1937,250
DA:1938,101
DA:1939,101
DA:1940,149
DA:1941,0
DA:1943,101
DA:1944,101
DA:1945,149
DA:1946,0
DA:1948,101
DA:1949,101
DA:1950,149
DA:1951,0
DA:1953,101
DA:1954,101
DA:1955,149
DA:1956,0
DA:1982,2
DA:2024,7
DA:2025,2
DA:2026,0
DA:2027,2
DA:2028,2
DA:2029,4
DA:2030,2
DA:2031,7
DA:2032,6
DA:2033,2
DA:2034,3
DA:2035,2
DA:2036,2
DA:2037,2
DA:2038,0
DA:2039,7
DA:2040,8
DA:2041,2
DA:2042,3
DA:2043,2
DA:2044,2
DA:2045,4
DA:2046,2
DA:2048,0
DA:2060,501
DA:2061,2
DA:2062,7
DA:2063,6
DA:2064,2
DA:2065,3
DA:2066,2
DA:2067,2
DA:2068,2
DA:2069,0
DA:2070,3
DA:2071,7
DA:2072,0
DA:2073,1
DA:2074,0
DA:2075,2
DA:2076,5
DA:2077,3
DA:2078,1
DA:2079,2
DA:2080,0
DA:2081,2
DA:2082,2
DA:2083,2
DA:2084,4
DA:2085,1
DA:2086,0
DA:2087,7
DA:2088,2
DA:2089,0
DA:2090,2
DA:2091,2
DA:2092,4
DA:2093,2
DA:2094,2
DA:2095,2
DA:2096,0
DA:2097,2
DA:2098,1
DA:2099,0
DA:2100,3
DA:2101,1
DA:2102,0
DA:2103,0
DA:2104,1
DA:2105,2
DA:2106,2
DA:2107,2
DA:2108,2
DA:2109,6
DA:2110,7
DA:2111,38
DA:2147,7
DA:2148,8
DA:2149,2
DA:2150,3
DA:2151,2
DA:2152,2
DA:2153,4
DA:2154,2
DA:2155,1
DA:2156,8
DA:2157,2
DA:2158,3
DA:2159,2
DA:2160,2
DA:2161,4
DA:2162,2
DA:2163,5
DA:2164,8
DA:2165,0
DA:2166,1
DA:2167,1
DA:2168,0
DA:2169,2
DA:2170,3
DA:2171,2
DA:2172,1
DA:2173,0
DA:2174,2
DA:2175,1
DA:2176,1
DA:2177,2
DA:2178,6
DA:2179,8
DA:2180,0
DA:2181,1
DA:2182,2
DA:2183,1
DA:2184,2
DA:2185,501
DA:2186,2
DA:2187,1
DA:2188,7
DA:2189,1
DA:2190,2
DA:2191,2
DA:2192,3
DA:2193,2
DA:2194,0
DA:2195,7
DA:2196,7
DA:2197,1
DA:2198,2
DA:2199,2
DA:2200,3
DA:2201,2
DA:2202,0
DA:2203,0
DA:2204,2
DA:2205,0
DA:2206,0
DA:2207,1
DA:2208,0
DA:2209,3
DA:2210,4
DA:2211,1
DA:2212,2
DA:2213,1
DA:2214,2
DA:2215,4
DA:2216,2
DA:2217,1
DA:2218,0
DA:2219,0
DA:2220,0
DA:2221,1
DA:2222,1
DA:2223,0
DA:2224,2
DA:2225,3
DA:2226,2
DA:2227,1
DA:2228,0
DA:2229,2
DA:2230,1
DA:2231,1
DA:2232,2
DA:2233,1
DA:2234,2
DA:2235,1
DA:2236,2
DA:2237,6
DA:2238,1
DA:2239,2
DA:2240,2
DA:2241,1
DA:2242,6
DA:2243,1
DA:2244,2
DA:2245,1
DA:2246,501
DA:2247,2
DA:2248,7
DA:2249,8
DA:2250,3
DA:2251,1
DA:2252,0
DA:2253,0
DA:2254,1
DA:2255,0
DA:2256,1
DA:2257,0
DA:2258,1
DA:2259,2
DA:2260,2
DA:2261,3
DA:2262,1
DA:2263,1
DA:2264,1
DA:2265,0
DA:2266,0
DA:2267,0
DA:2268,1
DA:2269,1
DA:2270,0
DA:2271,1
DA:2272,0
DA:2273,2
DA:2274,3
DA:2275,5
DA:2276,0
DA:2277,1
DA:2278,0
DA:2279,5
DA:2280,2
DA:2281,10
DA:2282,0
DA:2283,1
DA:2284,3
DA:2285,1
DA:2286,0
DA:2287,0
DA:2288,6
DA:2289,1
DA:2290,2
DA:2291,1
DA:2292,6
DA:2293,1
DA:2294,2
DA:2295,2
DA:2296,1
DA:2297,5
DA:2298,3
DA:2299,1
DA:2300,0
DA:2301,2
DA:2302,2
DA:2303,4
DA:2304,1
DA:2305,0
DA:2306,1
DA:2307,0
DA:2308,3
DA:2309,1
DA:2310,0
DA:2311,0
DA:2312,1
DA:2313,2
DA:2314,2
DA:2315,2
DA:2316,2
DA:2317,2
DA:2318,0
DA:2319,2
DA:2320,0
DA:2321,501
DA:2322,2
DA:2323,5
DA:2324,8
DA:2325,0
DA:2326,1
DA:2327,1
DA:2328,0
DA:2329,2
DA:2330,3
DA:2331,2
DA:2332,1
DA:2333,0
DA:2334,2
DA:2335,1
DA:2336,1
DA:2337,2
DA:2338,6
DA:2339,1
DA:2340,2
DA:2341,2
DA:2342,1
DA:2343,501
DA:2344,2
DA:2345,6
DA:2346,8
DA:2347,0
DA:2348,1
DA:2349,2
DA:2350,1
DA:2351,2
DA:2352,10
DA:2353,0
DA:2354,1
DA:2355,3
DA:2356,1
DA:2357,0
DA:2358,0
DA:2359,6
DA:2360,1
DA:2361,2
DA:2362,1
DA:2363,7
DA:2364,2
DA:2365,0
DA:2366,2
DA:2367,2
DA:2368,4
DA:2369,2
DA:2370,7
DA:2371,6
DA:2372,2
DA:2373,3
DA:2374,2
DA:2375,2
DA:2376,2
DA:2377,0
DA:2378,7
DA:2379,8
DA:2380,2
DA:2381,3
DA:2382,2
DA:2383,2
DA:2384,4
DA:2385,2
DA:2387,7
DA:2391,1
DA:2392,2
DA:2393,2
DA:2394,3
DA:2395,2
DA:2396,0
DA:2397,8
DA:2401,3
DA:2402,1
DA:2403,0
DA:2404,0
DA:2405,1
DA:2406,0
DA:2407,1
DA:2408,0
DA:2409,1
DA:2410,2
DA:2411,2
DA:2412,3
DA:2413,1
DA:2414,1
DA:2415,1
DA:2416,0
DA:2417,0
DA:2418,0
DA:2419,1
DA:2420,1
DA:2421,0
DA:2422,1
DA:2423,0
DA:2424,2
DA:2839,250
DA:2840,101
DA:2841,101
DA:2842,149
DA:2843,0
DA:2844,149
DA:2845,149
DA:2847,4
DA:2848,4
DA:2850,4
DA:2851,4
DA:2853,4
DA:2854,4
DA:2856,4
DA:2857,4
DA:2859,4
DA:2860,4
DA:2862,4
DA:2863,4
DA:2865,101
DA:2866,101
DA:2867,149
DA:2868,0
DA:2869,149
DA:2870,149
DA:2872,4
DA:2873,4
DA:2875,4
DA:2876,4
DA:2878,4
DA:2879,4
DA:2881,4
DA:2882,4
DA:2884,4
DA:2885,4
DA:2887,4
DA:2888,4
DA:2890,4
DA:2891,4
DA:2893,4
DA:2894,4
DA:2896,4
DA:2897,4
DA:2899,4
DA:2900,4
DA:2902,4
DA:2903,4
DA:2905,4
DA:2906,4
DA:2908,4
DA:2909,4
DA:2911,4
DA:2912,4
DA:2914,4
DA:2915,4
DA:2917,4
DA:2918,4
DA:2920,4
DA:2921,4
DA:2923,4
DA:2924,4
DA:2926,4
DA:2927,4
DA:2929,4
DA:2930,4
DA:2932,4
DA:2933,4
DA:2935,4
DA:2936,4
DA:2938,4
DA:2939,4
DA:2941,4
DA:2942,4
DA:2968,2
end_of_record
SF:third_party/Example-NutShellCache/Cache/Cache_top.sv
DA:3,501
DA:4,2
DA:5,7
DA:6,6
DA:7,2
DA:8,3
DA:9,2
DA:10,2
DA:11,2
DA:12,0
DA:13,3
DA:14,7
DA:15,0
DA:16,1
DA:17,0
DA:18,2
DA:19,5
DA:20,3
DA:21,1
DA:22,2
DA:23,0
DA:24,2
DA:25,2
DA:26,2
DA:27,4
DA:28,1
DA:29,0
DA:30,7
DA:31,2
DA:32,0
DA:33,2
DA:34,2
DA:35,4
DA:36,2
DA:37,2
DA:38,2
DA:39,0
DA:40,2
DA:41,1
DA:42,0
DA:43,3
DA:44,1
DA:45,0
DA:46,0
DA:47,1
DA:48,2
DA:49,2
DA:50,2
DA:51,2
DA:52,6
DA:53,7
DA:54,38
DA:193,0
DA:195,0
DA:198,501
DA:200,501
DA:203,0
DA:205,0
DA:208,3
DA:210,3
DA:213,140
DA:215,140
DA:218,0
DA:220,0
DA:223,8
DA:225,8
DA:228,0
DA:230,0
DA:233,4
DA:235,4
DA:238,0
DA:240,0
DA:243,5
DA:245,5
DA:248,0
DA:250,0
DA:253,4
DA:255,4
DA:258,0
DA:260,0
DA:263,4
DA:265,4
DA:268,0
DA:270,0
DA:273,2
DA:275,2
DA:278,0
DA:280,0
DA:283,2
DA:285,2
DA:288,0
DA:290,0
DA:293,3
DA:295,3
DA:298,154
DA:300,154
DA:303,5
DA:305,5
DA:308,5
DA:310,5
DA:313,2
DA:315,2
DA:318,0
DA:320,0
DA:323,2
DA:325,2
DA:328,0
DA:330,0
DA:333,5
DA:335,5
DA:338,144
DA:340,144
DA:343,3
DA:345,3
DA:348,3
DA:350,3
DA:353,3
DA:355,3
DA:358,3
DA:360,3
DA:363,3
DA:365,3
DA:368,3
DA:370,3
DA:373,0
DA:375,0
DA:378,4
DA:380,4
DA:383,0
DA:385,0
DA:388,3
DA:390,3
DA:393,0
DA:395,0
DA:398,2
DA:400,2
DA:403,2
DA:405,2
DA:408,0
DA:410,0
DA:413,2
DA:415,2
DA:418,0
DA:420,0
DA:423,2
DA:425,2
DA:428,0
DA:430,0
DA:433,2
DA:435,2
DA:438,0
DA:440,0
DA:443,2
DA:445,2
DA:448,0
DA:450,0
DA:453,2
DA:455,2
DA:458,0
DA:460,0
DA:463,2
DA:465,2
DA:468,0
DA:470,0
DA:473,2
DA:475,2
DA:478,2
DA:480,2
DA:483,2
DA:485,2
DA:488,2
DA:490,2
DA:493,0
DA:495,0
DA:498,3
DA:500,3
DA:503,151
DA:505,151
DA:508,2
DA:510,2
DA:513,2
DA:515,2
DA:518,2
DA:520,2
DA:523,2
DA:525,2
DA:528,2
DA:530,2
DA:533,2
DA:535,2
DA:538,0
DA:540,0
DA:543,2
DA:545,2
DA:548,0
DA:550,0
DA:553,2
DA:555,2
DA:558,0
DA:560,0
DA:563,2
DA:565,2
DA:568,2
DA:570,2
DA:573,2
DA:575,2
DA:578,2
DA:580,2
DA:585,2
DA:586,2
DA:587,2
DA:591,0
DA:592,0
end_of_record
